[2019-10-21 22:10:18.659] [exthost] [info] extension host started
[2019-10-21 22:10:18.667] [exthost] [info] ExtensionService#_doActivateExtension vscode.debug-auto-launch {"startup":true,"activationEvent":"*"}
[2019-10-21 22:10:18.667] [exthost] [info] ExtensionService#loadCommonJSModule file:///usr/lib/code/extensions/debug-auto-launch/dist/extension
[2019-10-21 22:10:18.669] [exthost] [info] ExtensionService#_doActivateExtension vscode.emmet {"startup":true,"activationEvent":"*"}
[2019-10-21 22:10:18.669] [exthost] [info] ExtensionService#loadCommonJSModule file:///usr/lib/code/extensions/emmet/dist/extension
[2019-10-21 22:10:18.697] [exthost] [info] ExtensionService#_doActivateExtension vscode.git {"startup":true,"activationEvent":"*"}
[2019-10-21 22:10:18.697] [exthost] [info] ExtensionService#loadCommonJSModule file:///usr/lib/code/extensions/git/dist/main
[2019-10-21 22:10:18.754] [exthost] [info] ExtensionService#_doActivateExtension vscode.merge-conflict {"startup":true,"activationEvent":"*"}
[2019-10-21 22:10:18.754] [exthost] [info] ExtensionService#loadCommonJSModule file:///usr/lib/code/extensions/merge-conflict/dist/extension
[2019-10-21 22:10:18.757] [exthost] [info] ExtensionService#_doActivateExtension naumovs.color-highlight {"startup":true,"activationEvent":"*"}
[2019-10-21 22:10:18.757] [exthost] [info] ExtensionService#loadCommonJSModule file:///root/.vscode-oss/extensions/naumovs.color-highlight-2.3.0/dist/extension
[2019-10-21 22:10:18.773] [exthost] [info] ExtensionService#_doActivateExtension PKief.material-icon-theme {"startup":true,"activationEvent":"*"}
[2019-10-21 22:10:18.773] [exthost] [info] ExtensionService#loadCommonJSModule file:///root/.vscode-oss/extensions/pkief.material-icon-theme-3.9.1/dist/extension
[2019-10-21 22:10:18.784] [exthost] [info] ExtensionService#_doActivateExtension ritwickdey.LiveServer {"startup":true,"activationEvent":"*"}
[2019-10-21 22:10:18.784] [exthost] [info] ExtensionService#loadCommonJSModule file:///root/.vscode-oss/extensions/ritwickdey.liveserver-5.6.1/out/src/extension
[2019-10-21 22:10:18.942] [exthost] [info] eager extensions activated
[2019-10-21 22:10:22.232] [exthost] [info] ExtensionService#_doActivateExtension vscode.configuration-editing {"startup":false,"activationEvent":"onLanguage:jsonc"}
[2019-10-21 22:10:22.232] [exthost] [info] ExtensionService#loadCommonJSModule file:///usr/lib/code/extensions/configuration-editing/dist/extension
[2019-10-21 22:10:22.244] [exthost] [info] ExtensionService#_doActivateExtension vscode.json-language-features {"startup":false,"activationEvent":"onLanguage:jsonc"}
[2019-10-21 22:10:22.244] [exthost] [info] ExtensionService#loadCommonJSModule file:///usr/lib/code/extensions/json-language-features/client/dist/jsonMain
[2019-10-21 22:10:22.329] [exthost] [info] ExtensionService#_doActivateExtension vscode.typescript-language-features {"startup":false,"activationEvent":"onLanguage:jsonc"}
[2019-10-21 22:10:22.329] [exthost] [info] ExtensionService#loadCommonJSModule file:///usr/lib/code/extensions/typescript-language-features/dist/extension
